16:40:01.664 [main] DEBUG resources.BaseActi - Web Applicaton  launched
16:40:45.299 [main] DEBUG resources.BaseActi - Web Application closed
16:40:45.300 [main] DEBUG resources.BaseActi - ----------------------------------------------------
16:42:25.430 [main] DEBUG resources.BaseActi - ----------------------------------------------------
16:42:25.436 [main] DEBUG resources.BaseActi - Browser initialized
16:42:41.167 [main] DEBUG resources.BaseActi - Web Applicaton  launched
16:45:32.140 [main] DEBUG resources.BaseActi - ----------------------------------------------------
16:45:32.150 [main] DEBUG resources.BaseActi - Browser initialized
16:45:42.763 [main] DEBUG resources.BaseActi - Web Applicaton  launched
16:47:04.935 [main] DEBUG resources.BaseActi - ----------------------------------------------------
16:47:04.940 [main] DEBUG resources.BaseActi - Browser initialized
16:47:14.695 [main] DEBUG resources.BaseActi - Web Applicaton  launched
18:06:59.522 [main] DEBUG resources.BaseActi - ----------------------------------------------------
18:06:59.528 [main] DEBUG resources.BaseActi - Browser initialized
18:07:10.190 [main] DEBUG resources.BaseActi - Web Applicaton  launched
18:07:19.086 [main] DEBUG test.CommonTest - Clicked on create customer button
18:07:22.247 [main] DEBUG test.CommonTest - Clicked on add new button again
18:07:22.335 [main] DEBUG test.CommonTest - clicked on new project
18:07:22.923 [main] DEBUG test.CommonTest - Entered project name
18:07:23.348 [main] DEBUG test.CommonTest - Clicked on create customer button
18:07:23.823 [main] DEBUG test.CommonTest - Clicked on add new button to create new task
18:07:23.920 [main] DEBUG test.CommonTest - Clicked on create new task
18:07:24.599 [main] DEBUG test.CommonTest - Entered Task name
18:07:24.819 [main] DEBUG test.CommonTest - Clicked on create task
18:07:25.054 [main] DEBUG test.CommonTest - Searched customer name
18:07:25.264 [main] DEBUG test.CommonTest - Found the customer name that is : Shiva2024-05-27 18:07:10
18:07:25.799 [main] DEBUG test.CommonTest - Clicked on customer view customer projects
18:07:25.916 [main] DEBUG test.CommonTest - Found the project that is : Actitime automation project2024-05-27 18:07:10
18:07:25.916 [main] DEBUG test.CommonTest - Assertion of project name
18:07:27.497 [main] DEBUG test.CommonTest - Automate actitime website2024-05-27 18:07:10task is added
18:07:27.589 [main] DEBUG test.CommonTest - Clicked on add new button 
18:07:28.085 [main] DEBUG test.CommonTest - Entered new task 
18:07:28.470 [main] DEBUG test.CommonTest - Clicked on add new button after entering new task
18:07:29.629 [main] DEBUG test.CommonTest - 'Automate amazon website2024-05-27 18:07:10' is the new task added
18:07:29.867 [main] DEBUG test.CommonTest - Web Application closed
18:07:29.867 [main] DEBUG test.CommonTest - ----------------------------------------------------
19:25:26.571 [main] DEBUG resources.BaseActi - ----------------------------------------------------
19:25:26.573 [main] DEBUG resources.BaseActi - Browser initialized
19:25:27.674 [main] DEBUG resources.BaseActi - Web Applicaton  launched
19:25:36.123 [main] DEBUG resources.BaseActi - ----------------------------------------------------
19:25:36.126 [main] DEBUG resources.BaseActi - Browser initialized
19:25:44.499 [main] DEBUG resources.BaseActi - Web Applicaton  launched
19:25:58.092 [main] DEBUG resources.BaseActi - Web Application closed
19:25:58.092 [main] DEBUG resources.BaseActi - ----------------------------------------------------
19:27:10.899 [main] DEBUG resources.BaseActi - ----------------------------------------------------
19:27:10.901 [main] DEBUG resources.BaseActi - Browser initialized
19:27:19.523 [main] DEBUG resources.BaseActi - Web Applicaton  launched
19:29:11.366 [main] DEBUG resources.BaseActi - Web Application closed
19:29:11.366 [main] DEBUG resources.BaseActi - ----------------------------------------------------
19:31:23.120 [main] DEBUG resources.BaseActi - ----------------------------------------------------
19:31:23.124 [main] DEBUG resources.BaseActi - Browser initialized
19:31:29.347 [main] DEBUG resources.BaseActi - Web Applicaton  launched
19:31:42.141 [main] DEBUG resources.BaseActi - Web Application closed
19:31:42.141 [main] DEBUG resources.BaseActi - ----------------------------------------------------
19:34:00.555 [main] DEBUG resources.BaseActi - ----------------------------------------------------
19:34:00.558 [main] DEBUG resources.BaseActi - Browser initialized
19:34:07.809 [main] DEBUG resources.BaseActi - Web Applicaton  launched
19:37:58.577 [main] DEBUG resources.BaseActi - ----------------------------------------------------
19:37:58.580 [main] DEBUG resources.BaseActi - Browser initialized
19:38:04.948 [main] DEBUG resources.BaseActi - Web Applicaton  launched
19:40:56.609 [main] DEBUG resources.BaseActi - ----------------------------------------------------
19:40:56.612 [main] DEBUG resources.BaseActi - Browser initialized
19:41:05.463 [main] DEBUG resources.BaseActi - Web Applicaton  launched
19:41:21.820 [main] DEBUG resources.BaseActi - Web Application closed
19:41:21.820 [main] DEBUG resources.BaseActi - ----------------------------------------------------
09:56:33.043 [main] DEBUG resources.BaseActi - ----------------------------------------------------
09:56:33.051 [main] DEBUG resources.BaseActi - Browser initialized
09:56:39.167 [main] DEBUG resources.BaseActi - Web Applicaton  launched
09:56:54.614 [main] DEBUG resources.BaseActi - Web Application closed
09:56:54.614 [main] DEBUG resources.BaseActi - ----------------------------------------------------
09:58:54.242 [main] DEBUG resources.BaseActi - ----------------------------------------------------
09:58:54.246 [main] DEBUG resources.BaseActi - Browser initialized
09:58:55.279 [main] DEBUG resources.BaseActi - Web Applicaton  launched
09:59:17.069 [main] DEBUG resources.BaseActi - Web Application closed
09:59:17.069 [main] DEBUG resources.BaseActi - ----------------------------------------------------
10:02:17.223 [main] DEBUG resources.BaseActi - ----------------------------------------------------
10:02:17.227 [main] DEBUG resources.BaseActi - Browser initialized
10:02:23.467 [main] DEBUG resources.BaseActi - Web Applicaton  launched
10:02:46.139 [main] DEBUG resources.BaseActi - Web Application closed
10:02:46.140 [main] DEBUG resources.BaseActi - ----------------------------------------------------
10:08:42.016 [main] DEBUG resources.BaseActi - ----------------------------------------------------
10:08:42.022 [main] DEBUG resources.BaseActi - Browser initialized
10:08:50.121 [main] DEBUG resources.BaseActi - Web Applicaton  launched
10:09:04.080 [main] DEBUG resources.BaseActi - Web Application closed
10:09:04.080 [main] DEBUG resources.BaseActi - ----------------------------------------------------
10:10:07.990 [main] DEBUG resources.BaseActi - ----------------------------------------------------
10:10:07.996 [main] DEBUG resources.BaseActi - Browser initialized
10:10:09.037 [main] DEBUG resources.BaseActi - Web Applicaton  launched
10:10:34.684 [main] DEBUG resources.BaseActi - Web Application closed
10:10:34.684 [main] DEBUG resources.BaseActi - ----------------------------------------------------
10:11:24.414 [main] DEBUG resources.BaseActi - ----------------------------------------------------
10:11:24.420 [main] DEBUG resources.BaseActi - Browser initialized
10:11:36.264 [main] DEBUG resources.BaseActi - Web Applicaton  launched
10:12:11.844 [main] DEBUG resources.BaseActi - Web Application closed
10:12:11.860 [main] DEBUG resources.BaseActi - ----------------------------------------------------
10:12:52.295 [main] DEBUG resources.BaseActi - ----------------------------------------------------
10:12:52.302 [main] DEBUG resources.BaseActi - Browser initialized
10:12:59.817 [main] DEBUG resources.BaseActi - Web Applicaton  launched
10:13:25.253 [main] DEBUG resources.BaseActi - Web Application closed
10:13:25.253 [main] DEBUG resources.BaseActi - ----------------------------------------------------
10:15:25.754 [main] DEBUG resources.BaseActi - ----------------------------------------------------
10:15:25.761 [main] DEBUG resources.BaseActi - Browser initialized
10:15:35.069 [main] DEBUG resources.BaseActi - Web Applicaton  launched
10:16:00.139 [main] DEBUG resources.BaseActi - Web Application closed
10:16:00.139 [main] DEBUG resources.BaseActi - ----------------------------------------------------
10:17:12.870 [main] DEBUG resources.BaseActi - ----------------------------------------------------
10:17:12.878 [main] DEBUG resources.BaseActi - Browser initialized
10:17:21.842 [main] DEBUG resources.BaseActi - Web Applicaton  launched
10:17:39.651 [main] DEBUG resources.BaseActi - Web Application closed
10:17:39.651 [main] DEBUG resources.BaseActi - ----------------------------------------------------
10:21:28.857 [main] DEBUG resources.BaseActi - ----------------------------------------------------
10:21:28.862 [main] DEBUG resources.BaseActi - Browser initialized
10:21:29.935 [main] DEBUG resources.BaseActi - Web Applicaton  launched
10:22:00.505 [main] DEBUG resources.BaseActi - Web Application closed
10:22:00.505 [main] DEBUG resources.BaseActi - ----------------------------------------------------
10:22:45.044 [main] DEBUG resources.BaseActi - ----------------------------------------------------
10:22:45.052 [main] DEBUG resources.BaseActi - Browser initialized
10:22:53.331 [main] DEBUG resources.BaseActi - Web Applicaton  launched
10:23:02.521 [main] DEBUG resources.BaseActi - Web Application closed
10:23:02.521 [main] DEBUG resources.BaseActi - ----------------------------------------------------
10:23:20.152 [main] DEBUG resources.BaseActi - ----------------------------------------------------
10:23:20.157 [main] DEBUG resources.BaseActi - Browser initialized
