17:35:04.336 [main] DEBUG test.tasksListCheckTest - ----------------------------------------------------
17:35:24.765 [main] DEBUG resources.BaseActi - ----------------------------------------------------
17:35:24.773 [main] DEBUG resources.BaseActi - Browser initialized
17:35:37.672 [main] DEBUG resources.BaseActi - Web Applicaton  launched
17:36:18.077 [main] DEBUG test.tasksListCheckTest - Web Application closed
17:36:18.077 [main] DEBUG test.tasksListCheckTest - ----------------------------------------------------
17:39:46.891 [main] DEBUG resources.BaseActi - ----------------------------------------------------
17:39:46.894 [main] DEBUG resources.BaseActi - Browser initialized
17:39:58.062 [main] DEBUG resources.BaseActi - Web Applicaton  launched
17:40:07.089 [main] DEBUG test.tasksListCheckTest - Web Application closed
17:40:07.089 [main] DEBUG test.tasksListCheckTest - ----------------------------------------------------
17:52:01.278 [main] DEBUG resources.BaseActi - ----------------------------------------------------
17:52:01.280 [main] DEBUG resources.BaseActi - Browser initialized
17:52:07.911 [main] DEBUG resources.BaseActi - Web Applicaton  launched
17:52:29.338 [main] DEBUG test.tasksListCheckTest - Web Application closed
17:52:29.338 [main] DEBUG test.tasksListCheckTest - ----------------------------------------------------
18:05:58.542 [main] DEBUG resources.BaseActi - ----------------------------------------------------
18:05:58.544 [main] DEBUG resources.BaseActi - Browser initialized
18:06:06.529 [main] DEBUG resources.BaseActi - Web Applicaton  launched
18:06:18.158 [main] DEBUG test.tasksListCheckTest - Web Application closed
18:06:18.158 [main] DEBUG test.tasksListCheckTest - ----------------------------------------------------
18:06:48.884 [main] DEBUG resources.BaseActi - ----------------------------------------------------
18:06:48.888 [main] DEBUG resources.BaseActi - Browser initialized
18:06:57.081 [main] DEBUG resources.BaseActi - Web Applicaton  launched
18:07:29.009 [main] DEBUG test.tasksListCheckTest - Web Application closed
18:07:29.010 [main] DEBUG test.tasksListCheckTest - ----------------------------------------------------
18:10:37.027 [main] DEBUG resources.BaseActi - ----------------------------------------------------
18:10:37.030 [main] DEBUG resources.BaseActi - Browser initialized
18:10:44.580 [main] DEBUG resources.BaseActi - Web Applicaton  launched
18:10:56.829 [main] DEBUG test.tasksListCheckTest - Web Application closed
18:10:56.829 [main] DEBUG test.tasksListCheckTest - ----------------------------------------------------
18:11:03.504 [main] DEBUG resources.BaseActi - ----------------------------------------------------
18:11:03.506 [main] DEBUG resources.BaseActi - Browser initialized
18:11:13.164 [main] DEBUG resources.BaseActi - Web Applicaton  launched
18:11:45.254 [main] DEBUG test.tasksListCheckTest - Web Application closed
18:11:45.254 [main] DEBUG test.tasksListCheckTest - ----------------------------------------------------
18:14:09.559 [main] DEBUG resources.BaseActi - ----------------------------------------------------
18:14:09.563 [main] DEBUG resources.BaseActi - Browser initialized
18:14:18.648 [main] DEBUG resources.BaseActi - Web Applicaton  launched
18:14:49.014 [main] DEBUG test.tasksListCheckTest - Web Application closed
18:14:49.015 [main] DEBUG test.tasksListCheckTest - ----------------------------------------------------
18:14:57.278 [main] DEBUG resources.BaseActi - ----------------------------------------------------
18:14:57.280 [main] DEBUG resources.BaseActi - Browser initialized
18:15:05.817 [main] DEBUG resources.BaseActi - Web Applicaton  launched
18:15:22.605 [main] DEBUG test.tasksListCheckTest - Web Application closed
18:15:22.605 [main] DEBUG test.tasksListCheckTest - ----------------------------------------------------
18:17:19.697 [main] DEBUG resources.BaseActi - ----------------------------------------------------
18:17:19.701 [main] DEBUG resources.BaseActi - Browser initialized
18:17:27.633 [main] DEBUG resources.BaseActi - Web Applicaton  launched
18:17:58.744 [main] DEBUG test.tasksListCheckTest - Web Application closed
18:17:58.745 [main] DEBUG test.tasksListCheckTest - ----------------------------------------------------
18:20:57.477 [main] DEBUG resources.BaseActi - ----------------------------------------------------
18:20:57.479 [main] DEBUG resources.BaseActi - Browser initialized
18:21:07.249 [main] DEBUG resources.BaseActi - Web Applicaton  launched
18:21:24.127 [main] DEBUG test.tasksListCheckTest - Web Application closed
18:21:24.128 [main] DEBUG test.tasksListCheckTest - ----------------------------------------------------
18:21:38.286 [main] DEBUG resources.BaseActi - ----------------------------------------------------
18:21:38.292 [main] DEBUG resources.BaseActi - Browser initialized
18:21:46.642 [main] DEBUG resources.BaseActi - Web Applicaton  launched
18:22:19.029 [main] DEBUG test.tasksListCheckTest - Web Application closed
18:22:19.029 [main] DEBUG test.tasksListCheckTest - ----------------------------------------------------
18:22:32.502 [main] DEBUG resources.BaseActi - ----------------------------------------------------
18:22:32.504 [main] DEBUG resources.BaseActi - Browser initialized
18:22:39.128 [main] DEBUG resources.BaseActi - Web Applicaton  launched
18:22:51.169 [main] DEBUG test.tasksListCheckTest - Web Application closed
18:22:51.169 [main] DEBUG test.tasksListCheckTest - ----------------------------------------------------
18:29:23.331 [main] DEBUG resources.BaseActi - ----------------------------------------------------
18:29:23.333 [main] DEBUG resources.BaseActi - Browser initialized
18:29:30.334 [main] DEBUG resources.BaseActi - Web Applicaton  launched
18:29:45.652 [main] DEBUG test.tasksListCheckTest - Web Application closed
18:29:45.653 [main] DEBUG test.tasksListCheckTest - ----------------------------------------------------
18:33:19.498 [main] DEBUG resources.BaseActi - ----------------------------------------------------
18:33:19.500 [main] DEBUG resources.BaseActi - Browser initialized
18:33:28.248 [main] DEBUG resources.BaseActi - Web Applicaton  launched
18:33:40.743 [main] DEBUG test.tasksListCheckTest - Web Application closed
18:33:40.743 [main] DEBUG test.tasksListCheckTest - ----------------------------------------------------
18:38:28.217 [main] DEBUG resources.BaseActi - ----------------------------------------------------
18:38:28.219 [main] DEBUG resources.BaseActi - Browser initialized
18:38:35.823 [main] DEBUG resources.BaseActi - Web Applicaton  launched
18:38:48.932 [main] DEBUG test.tasksListCheckTest - Web Application closed
18:38:48.932 [main] DEBUG test.tasksListCheckTest - ----------------------------------------------------
18:40:56.456 [main] DEBUG resources.BaseActi - ----------------------------------------------------
18:40:56.460 [main] DEBUG resources.BaseActi - Browser initialized
18:41:05.121 [main] DEBUG resources.BaseActi - Web Applicaton  launched
18:41:36.634 [main] DEBUG test.tasksListCheckTest - Web Application closed
18:41:36.634 [main] DEBUG test.tasksListCheckTest - ----------------------------------------------------
18:41:50.256 [main] DEBUG resources.BaseActi - ----------------------------------------------------
18:41:50.260 [main] DEBUG resources.BaseActi - Browser initialized
18:41:59.685 [main] DEBUG resources.BaseActi - Web Applicaton  launched
18:42:12.824 [main] DEBUG test.tasksListCheckTest - Web Application closed
18:42:12.824 [main] DEBUG test.tasksListCheckTest - ----------------------------------------------------
18:49:03.745 [main] DEBUG resources.BaseActi - ----------------------------------------------------
18:49:03.748 [main] DEBUG resources.BaseActi - Browser initialized
18:49:11.469 [main] DEBUG resources.BaseActi - Web Applicaton  launched
18:49:24.458 [main] DEBUG test.tasksListCheckTest - Web Application closed
18:49:24.459 [main] DEBUG test.tasksListCheckTest - ----------------------------------------------------
19:04:25.820 [main] DEBUG resources.BaseActi - ----------------------------------------------------
19:04:25.823 [main] DEBUG resources.BaseActi - Browser initialized
19:04:31.881 [main] DEBUG resources.BaseActi - Web Applicaton  launched
19:04:44.042 [main] DEBUG test.tasksListCheckTest - Web Application closed
19:04:44.042 [main] DEBUG test.tasksListCheckTest - ----------------------------------------------------
19:10:47.428 [main] DEBUG resources.BaseActi - ----------------------------------------------------
19:10:47.434 [main] DEBUG resources.BaseActi - Browser initialized
19:10:53.705 [main] DEBUG resources.BaseActi - Web Applicaton  launched
19:11:35.840 [main] DEBUG test.tasksListCheckTest - Web Application closed
19:11:35.840 [main] DEBUG test.tasksListCheckTest - ----------------------------------------------------
19:11:51.607 [main] DEBUG resources.BaseActi - ----------------------------------------------------
19:11:51.611 [main] DEBUG resources.BaseActi - Browser initialized
19:11:57.886 [main] DEBUG resources.BaseActi - Web Applicaton  launched
19:12:10.147 [main] DEBUG test.tasksListCheckTest - Web Application closed
19:12:10.147 [main] DEBUG test.tasksListCheckTest - ----------------------------------------------------
19:15:22.722 [main] DEBUG resources.BaseActi - ----------------------------------------------------
19:15:22.732 [main] DEBUG resources.BaseActi - Browser initialized
19:15:27.864 [main] DEBUG resources.BaseActi - Web Applicaton  launched
19:15:39.124 [main] DEBUG test.tasksListCheckTest - Web Application closed
19:15:39.124 [main] DEBUG test.tasksListCheckTest - ----------------------------------------------------
19:15:58.255 [main] DEBUG resources.BaseActi - ----------------------------------------------------
19:15:58.258 [main] DEBUG resources.BaseActi - Browser initialized
