10:39:12.303 [main] DEBUG test.tasksListCheckTest - Web Application closed
10:39:12.309 [main] DEBUG test.tasksListCheckTest - ----------------------------------------------------
10:40:18.059 [main] DEBUG resources.BaseActi - ----------------------------------------------------
10:40:18.062 [main] DEBUG resources.BaseActi - Browser initialized
10:40:25.268 [main] DEBUG resources.BaseActi - Web Applicaton  launched
10:40:33.093 [main] DEBUG test.tasksListCheckTest - Web Application closed
10:40:33.093 [main] DEBUG test.tasksListCheckTest - ----------------------------------------------------
10:43:55.793 [main] DEBUG resources.BaseActi - ----------------------------------------------------
10:43:55.796 [main] DEBUG resources.BaseActi - Browser initialized
10:44:05.903 [main] DEBUG resources.BaseActi - Web Applicaton  launched
10:44:17.597 [main] DEBUG test.tasksListCheckTest - Web Application closed
10:44:17.598 [main] DEBUG test.tasksListCheckTest - ----------------------------------------------------
10:49:16.293 [main] DEBUG resources.BaseActi - ----------------------------------------------------
10:49:16.295 [main] DEBUG resources.BaseActi - Browser initialized
10:49:30.210 [main] DEBUG resources.BaseActi - Web Applicaton  launched
10:49:43.778 [main] DEBUG test.tasksListCheckTest - Web Application closed
10:49:43.778 [main] DEBUG test.tasksListCheckTest - ----------------------------------------------------
10:58:49.882 [main] DEBUG resources.BaseActi - ----------------------------------------------------
10:58:49.886 [main] DEBUG resources.BaseActi - Browser initialized
10:58:56.923 [main] DEBUG resources.BaseActi - Web Applicaton  launched
10:59:06.220 [main] DEBUG test.tasksListCheckTest - Web Application closed
10:59:06.220 [main] DEBUG test.tasksListCheckTest - ----------------------------------------------------
10:59:38.536 [main] DEBUG resources.BaseActi - ----------------------------------------------------
10:59:38.543 [main] DEBUG resources.BaseActi - Browser initialized
10:59:46.152 [main] DEBUG resources.BaseActi - Web Applicaton  launched
10:59:55.513 [main] DEBUG test.tasksListCheckTest - Web Application closed
10:59:55.513 [main] DEBUG test.tasksListCheckTest - ----------------------------------------------------
11:01:52.616 [main] DEBUG resources.BaseActi - ----------------------------------------------------
11:01:52.620 [main] DEBUG resources.BaseActi - Browser initialized
11:02:00.421 [main] DEBUG resources.BaseActi - Web Applicaton  launched
11:02:43.408 [main] DEBUG test.tasksListCheckTest - Total number of tasks are verified
11:02:43.583 [main] DEBUG test.tasksListCheckTest - Web Application closed
11:02:43.583 [main] DEBUG test.tasksListCheckTest - ----------------------------------------------------
15:13:26.478 [main] DEBUG resources.BaseActi - ----------------------------------------------------
15:13:26.486 [main] DEBUG resources.BaseActi - Browser initialized
15:13:38.998 [main] DEBUG resources.BaseActi - Web Applicaton  launched
15:13:39.312 [main] DEBUG test.tasksListCheckTest - Web Application closed
15:13:39.312 [main] DEBUG test.tasksListCheckTest - ----------------------------------------------------
15:14:22.180 [main] DEBUG resources.BaseActi - ----------------------------------------------------
15:14:22.184 [main] DEBUG resources.BaseActi - Browser initialized
15:14:32.049 [main] DEBUG resources.BaseActi - Web Applicaton  launched
15:15:16.509 [main] DEBUG test.tasksListCheckTest - Total number of tasks are verified
15:15:16.744 [main] DEBUG test.tasksListCheckTest - Web Application closed
15:15:16.744 [main] DEBUG test.tasksListCheckTest - ----------------------------------------------------
15:18:26.048 [main] DEBUG resources.BaseActi - ----------------------------------------------------
15:18:26.055 [main] DEBUG resources.BaseActi - Browser initialized
15:18:46.102 [main] DEBUG resources.BaseActi - Web Applicaton  launched
15:19:30.825 [main] DEBUG test.tasksListCheckTest - Total number of tasks are verified
15:19:31.067 [main] DEBUG test.tasksListCheckTest - Web Application closed
15:19:31.068 [main] DEBUG test.tasksListCheckTest - ----------------------------------------------------
15:22:10.061 [main] DEBUG resources.BaseActi - ----------------------------------------------------
15:22:10.065 [main] DEBUG resources.BaseActi - Browser initialized
15:22:23.894 [main] DEBUG resources.BaseActi - Web Applicaton  launched
15:22:46.405 [main] DEBUG test.tasksListCheckTest - Total number of tasks are verified
15:22:46.591 [main] DEBUG test.tasksListCheckTest - Web Application closed
15:22:46.591 [main] DEBUG test.tasksListCheckTest - ----------------------------------------------------
15:25:12.407 [main] DEBUG resources.BaseActi - ----------------------------------------------------
15:25:12.410 [main] DEBUG resources.BaseActi - Browser initialized
15:25:27.709 [main] DEBUG resources.BaseActi - Web Applicaton  launched
15:25:50.001 [main] DEBUG test.tasksListCheckTest - Total number of tasks are verified
15:25:50.206 [main] DEBUG test.tasksListCheckTest - Web Application closed
15:25:50.206 [main] DEBUG test.tasksListCheckTest - ----------------------------------------------------
15:28:22.394 [main] DEBUG resources.BaseActi - ----------------------------------------------------
15:28:22.399 [main] DEBUG resources.BaseActi - Browser initialized
15:28:33.386 [main] DEBUG resources.BaseActi - Web Applicaton  launched
15:29:17.330 [main] DEBUG test.tasksListCheckTest - Total number of tasks are verified
15:29:17.519 [main] DEBUG test.tasksListCheckTest - Web Application closed
15:29:17.521 [main] DEBUG test.tasksListCheckTest - ----------------------------------------------------
18:38:32.990 [main] DEBUG resources.BaseActi - ----------------------------------------------------
18:38:32.996 [main] DEBUG resources.BaseActi - Browser initialized
18:38:34.008 [main] DEBUG resources.BaseActi - Web Applicaton  launched
18:38:34.144 [main] DEBUG resources.BaseActi - Web Application closed
18:38:34.144 [main] DEBUG resources.BaseActi - ----------------------------------------------------
18:39:05.893 [main] DEBUG resources.BaseActi - ----------------------------------------------------
18:39:05.899 [main] DEBUG resources.BaseActi - Browser initialized
18:39:17.565 [main] DEBUG resources.BaseActi - Web Applicaton  launched
18:40:03.241 [main] DEBUG test.tasksListCheckTest - Total number of tasks are verified
18:40:03.453 [main] DEBUG test.tasksListCheckTest - Web Application closed
18:40:03.453 [main] DEBUG test.tasksListCheckTest - ----------------------------------------------------
18:48:06.701 [main] DEBUG resources.BaseActi - ----------------------------------------------------
18:48:06.704 [main] DEBUG resources.BaseActi - Browser initialized
18:48:15.975 [main] DEBUG resources.BaseActi - Web Applicaton  launched
18:49:01.207 [main] DEBUG test.tasksListCheckTest - Total number of tasks are verified
18:52:50.299 [main] DEBUG resources.BaseActi - ----------------------------------------------------
18:52:50.305 [main] DEBUG resources.BaseActi - Browser initialized
18:53:00.074 [main] DEBUG resources.BaseActi - Web Applicaton  launched
18:53:45.905 [main] DEBUG test.tasksListCheckTest - Total number of tasks are verified
18:53:46.199 [main] DEBUG test.tasksListCheckTest - Web Application closed
18:53:46.199 [main] DEBUG test.tasksListCheckTest - ----------------------------------------------------
19:00:00.725 [main] DEBUG resources.BaseActi - ----------------------------------------------------
19:00:00.730 [main] DEBUG resources.BaseActi - Browser initialized
19:00:10.391 [main] DEBUG resources.BaseActi - Web Applicaton  launched
19:00:11.972 [main] DEBUG test.tasksListCheckTest - Web Application closed
19:00:11.972 [main] DEBUG test.tasksListCheckTest - ----------------------------------------------------
19:00:26.577 [main] DEBUG resources.BaseActi - ----------------------------------------------------
19:00:26.581 [main] DEBUG resources.BaseActi - Browser initialized
19:00:27.851 [main] DEBUG resources.BaseActi - Web Applicaton  launched
19:00:35.584 [main] DEBUG test.tasksListCheckTest - Web Application closed
19:00:35.584 [main] DEBUG test.tasksListCheckTest - ----------------------------------------------------
19:01:10.875 [main] DEBUG resources.BaseActi - ----------------------------------------------------
19:01:10.878 [main] DEBUG resources.BaseActi - Browser initialized
19:01:17.787 [main] DEBUG resources.BaseActi - Web Applicaton  launched
19:01:50.407 [main] DEBUG resources.BaseActi - ----------------------------------------------------
19:01:50.418 [main] DEBUG resources.BaseActi - Browser initialized
19:01:58.872 [main] DEBUG resources.BaseActi - Web Applicaton  launched
19:02:00.595 [main] DEBUG test.tasksListCheckTest - Web Application closed
19:02:00.595 [main] DEBUG test.tasksListCheckTest - ----------------------------------------------------
19:02:17.220 [main] DEBUG resources.BaseActi - ----------------------------------------------------
19:02:17.224 [main] DEBUG resources.BaseActi - Browser initialized
19:02:26.878 [main] DEBUG resources.BaseActi - Web Applicaton  launched
19:02:28.552 [main] DEBUG test.tasksListCheckTest - Web Application closed
19:02:28.552 [main] DEBUG test.tasksListCheckTest - ----------------------------------------------------
19:02:49.011 [main] DEBUG resources.BaseActi - ----------------------------------------------------
19:02:49.019 [main] DEBUG resources.BaseActi - Browser initialized
19:03:04.952 [main] DEBUG resources.BaseActi - Web Applicaton  launched
19:03:06.586 [main] DEBUG test.tasksListCheckTest - Web Application closed
19:03:06.586 [main] DEBUG test.tasksListCheckTest - ----------------------------------------------------
19:03:21.532 [main] DEBUG resources.BaseActi - ----------------------------------------------------
