11:17:50.498 [main] DEBUG resources.BaseActi - clicked on new project
11:17:51.763 [main] DEBUG resources.BaseActi - Entered project name
11:17:51.997 [main] DEBUG resources.BaseActi - Clicked on create customer button
11:17:53.296 [main] DEBUG resources.BaseActi - Clicked on add new button to create new task
11:17:53.366 [main] DEBUG resources.BaseActi - Clicked on create new task
11:17:54.165 [main] DEBUG resources.BaseActi - Entered Task name
11:17:59.320 [main] DEBUG resources.BaseActi - Clicked on create customer button
11:17:59.684 [main] DEBUG resources.BaseActi - Clicked on add new button again
11:17:59.795 [main] DEBUG resources.BaseActi - clicked on new project
11:18:01.075 [main] DEBUG resources.BaseActi - Entered project name
11:18:01.309 [main] DEBUG resources.BaseActi - Clicked on create customer button
11:18:02.577 [main] DEBUG resources.BaseActi - Clicked on add new button to create new task
11:18:02.659 [main] DEBUG resources.BaseActi - Clicked on create new task
11:18:03.494 [main] DEBUG resources.BaseActi - Entered Task name
11:18:04.429 [main] DEBUG resources.BaseActi - Clicked on add new button 
11:18:04.779 [main] DEBUG resources.BaseActi - Entered new task 
11:18:05.247 [main] DEBUG resources.BaseActi - Clicked on add new button after entering new task
11:18:07.290 [main] DEBUG resources.BaseActi - 'Automate amazon website2024-06-17 11:17:58' is the new task added
11:18:07.446 [main] DEBUG resources.BaseActi - Web Application closed
11:18:07.446 [main] DEBUG resources.BaseActi - ----------------------------------------------------
11:39:59.873 [main] DEBUG resources.BaseActi - ----------------------------------------------------
11:39:59.875 [main] DEBUG resources.BaseActi - Browser initialized
11:40:10.184 [main] DEBUG resources.BaseActi - Web Applicaton  launched
11:40:19.958 [main] DEBUG resources.BaseActi - Clicked on create customer button
11:40:20.435 [main] DEBUG resources.BaseActi - Clicked on add new button again
11:40:20.536 [main] DEBUG resources.BaseActi - clicked on new project
11:40:21.711 [main] DEBUG resources.BaseActi - Entered project name
11:40:21.988 [main] DEBUG resources.BaseActi - Clicked on create customer button
11:40:22.430 [main] DEBUG resources.BaseActi - Clicked on add new button to create new task
11:40:22.475 [main] DEBUG resources.BaseActi - Clicked on create new task
11:40:23.231 [main] DEBUG resources.BaseActi - Entered Task name
11:40:48.060 [main] DEBUG resources.BaseActi - Clicked on create customer button
11:40:54.181 [main] DEBUG resources.BaseActi - Clicked on create customer button
11:40:54.703 [main] DEBUG resources.BaseActi - Clicked on view customer edit icon
11:40:56.823 [main] DEBUG resources.BaseActi - Clicked on old customer name lable to edit
11:40:57.117 [main] DEBUG resources.BaseActi - Edited customer name
11:40:58.058 [main] DEBUG resources.BaseActi - lenova;2024-06-17 11:40:52 is present in the customer list after edit
11:41:15.412 [main] DEBUG resources.BaseActi - Total number of tasks are verified
11:41:20.279 [main] DEBUG resources.BaseActi - Clicked on create customer button
11:41:21.376 [main] DEBUG resources.BaseActi - Clicked on add new button again
11:41:21.517 [main] DEBUG resources.BaseActi - clicked on new project
11:41:22.794 [main] DEBUG resources.BaseActi - Entered project name
11:41:23.133 [main] DEBUG resources.BaseActi - Clicked on create customer button
11:41:23.483 [main] DEBUG resources.BaseActi - Searched customer name
11:41:28.280 [main] DEBUG resources.BaseActi - Clicked on create customer button
11:41:28.822 [main] DEBUG resources.BaseActi - Clicked on view customer edit icon
11:41:31.467 [main] DEBUG resources.BaseActi - Clicked on old customer name lable to edit
11:41:31.733 [main] DEBUG resources.BaseActi - Edited customer name
11:41:32.644 [main] DEBUG resources.BaseActi -  customer name : lenova;2024-06-17 11:41:27 is deleted
11:41:33.402 [main] DEBUG resources.BaseActi - lenova;2024-06-17 11:41:27 is deleted
11:41:38.728 [main] DEBUG resources.BaseActi - Clicked on create customer button
11:41:39.359 [main] DEBUG resources.BaseActi - Clicked on add new button again
11:41:39.501 [main] DEBUG resources.BaseActi - clicked on new project
11:41:40.776 [main] DEBUG resources.BaseActi - Entered project name
11:41:41.091 [main] DEBUG resources.BaseActi - Clicked on create customer button
11:41:42.923 [main] DEBUG resources.BaseActi - Clicked on add new button to create new task
11:41:43.003 [main] DEBUG resources.BaseActi - Clicked on create new task
11:41:43.772 [main] DEBUG resources.BaseActi - Entered Task name
11:41:59.098 [main] DEBUG resources.BaseActi - Clicked on create customer button
11:41:59.749 [main] DEBUG resources.BaseActi - Clicked on add new button again
11:41:59.799 [main] DEBUG resources.BaseActi - clicked on new project
11:42:01.047 [main] DEBUG resources.BaseActi - Entered project name
11:42:01.265 [main] DEBUG resources.BaseActi - Clicked on create customer button
11:42:02.481 [main] DEBUG resources.BaseActi - Clicked on add new button to create new task
11:42:02.532 [main] DEBUG resources.BaseActi - Clicked on create new task
11:42:03.296 [main] DEBUG resources.BaseActi - Entered Task name
11:42:04.184 [main] DEBUG resources.BaseActi - Clicked on add new button 
11:42:04.450 [main] DEBUG resources.BaseActi - Entered new task 
11:42:05.611 [main] DEBUG resources.BaseActi - Clicked on add new button after entering new task
11:42:07.926 [main] DEBUG resources.BaseActi - Web Application closed
11:42:07.926 [main] DEBUG resources.BaseActi - ----------------------------------------------------
11:43:46.356 [main] DEBUG resources.BaseActi - ----------------------------------------------------
11:43:46.359 [main] DEBUG resources.BaseActi - Browser initialized
11:43:58.864 [main] DEBUG resources.BaseActi - Web Applicaton  launched
11:44:10.469 [main] DEBUG resources.BaseActi - Clicked on create customer button
11:44:10.913 [main] DEBUG resources.BaseActi - Clicked on add new button again
11:44:11.028 [main] DEBUG resources.BaseActi - clicked on new project
11:44:12.272 [main] DEBUG resources.BaseActi - Entered project name
11:44:12.533 [main] DEBUG resources.BaseActi - Clicked on create customer button
11:44:12.994 [main] DEBUG resources.BaseActi - Clicked on add new button to create new task
11:44:13.043 [main] DEBUG resources.BaseActi - Clicked on create new task
11:44:13.858 [main] DEBUG resources.BaseActi - Entered Task name
11:45:04.795 [main] DEBUG resources.BaseActi - Clicked on create customer button
11:45:10.324 [main] DEBUG resources.BaseActi - Clicked on create customer button
11:45:10.853 [main] DEBUG resources.BaseActi - Clicked on view customer edit icon
11:45:12.963 [main] DEBUG resources.BaseActi - Clicked on old customer name lable to edit
11:45:13.282 [main] DEBUG resources.BaseActi - Edited customer name
11:45:14.223 [main] DEBUG resources.BaseActi - lenova;2024-06-17 11:45:09 is present in the customer list after edit
11:46:48.206 [main] DEBUG resources.BaseActi - ----------------------------------------------------
11:46:48.208 [main] DEBUG resources.BaseActi - Browser initialized
11:46:58.541 [main] DEBUG resources.BaseActi - Web Applicaton  launched
11:47:07.234 [main] DEBUG resources.BaseActi - Clicked on create customer button
11:47:07.762 [main] DEBUG resources.BaseActi - Clicked on add new button again
11:47:07.853 [main] DEBUG resources.BaseActi - clicked on new project
11:47:09.086 [main] DEBUG resources.BaseActi - Entered project name
11:47:09.327 [main] DEBUG resources.BaseActi - Clicked on create customer button
11:47:09.772 [main] DEBUG resources.BaseActi - Clicked on add new button to create new task
11:47:09.837 [main] DEBUG resources.BaseActi - Clicked on create new task
11:47:10.634 [main] DEBUG resources.BaseActi - Entered Task name
11:47:32.031 [main] DEBUG resources.BaseActi - Clicked on create customer button
11:47:36.275 [main] DEBUG resources.BaseActi - Clicked on create customer button
11:47:36.735 [main] DEBUG resources.BaseActi - Clicked on view customer edit icon
11:47:39.377 [main] DEBUG resources.BaseActi - Clicked on old customer name lable to edit
11:47:39.601 [main] DEBUG resources.BaseActi - Edited customer name
11:47:40.372 [main] DEBUG resources.BaseActi - lenova;2024-06-17 11:47:35 is present in the customer list after edit
11:47:53.815 [main] DEBUG resources.BaseActi - Total number of tasks are verified
11:47:56.987 [main] DEBUG resources.BaseActi - Clicked on create customer button
11:47:57.885 [main] DEBUG resources.BaseActi - Clicked on add new button again
11:47:57.965 [main] DEBUG resources.BaseActi - clicked on new project
11:47:59.198 [main] DEBUG resources.BaseActi - Entered project name
11:47:59.414 [main] DEBUG resources.BaseActi - Clicked on create customer button
11:47:59.625 [main] DEBUG resources.BaseActi - Searched customer name
11:48:02.911 [main] DEBUG resources.BaseActi - Clicked on create customer button
11:48:03.375 [main] DEBUG resources.BaseActi - Clicked on view customer edit icon
11:48:05.996 [main] DEBUG resources.BaseActi - Clicked on old customer name lable to edit
11:48:06.201 [main] DEBUG resources.BaseActi - Edited customer name
11:48:07.128 [main] DEBUG resources.BaseActi -  customer name : lenova;2024-06-17 11:48:02 is deleted
11:48:07.828 [main] DEBUG resources.BaseActi - lenova;2024-06-17 11:48:02 is deleted
11:48:11.161 [main] DEBUG resources.BaseActi - Clicked on create customer button
11:48:11.624 [main] DEBUG resources.BaseActi - Clicked on add new button again
11:48:11.726 [main] DEBUG resources.BaseActi - clicked on new project
11:48:12.966 [main] DEBUG resources.BaseActi - Entered project name
11:48:13.172 [main] DEBUG resources.BaseActi - Clicked on create customer button
11:48:14.440 [main] DEBUG resources.BaseActi - Clicked on add new button to create new task
11:48:14.506 [main] DEBUG resources.BaseActi - Clicked on create new task
