22:17:16.611 [main] DEBUG resources.BaseActi - Clicked on create customer button
22:17:17.767 [main] DEBUG resources.BaseActi - Clicked on add new button again
22:17:17.973 [main] DEBUG resources.BaseActi - clicked on new project
22:17:19.249 [main] DEBUG resources.BaseActi - Entered project name
22:17:19.494 [main] DEBUG resources.BaseActi - Clicked on create customer button
22:17:19.836 [main] DEBUG resources.BaseActi - Searched customer name
22:17:23.229 [main] DEBUG resources.BaseActi - Clicked on create customer button
22:17:23.768 [main] DEBUG resources.BaseActi - Clicked on add new button again
22:17:23.916 [main] DEBUG resources.BaseActi - clicked on new project
22:17:25.268 [main] DEBUG resources.BaseActi - Entered project name
22:17:25.546 [main] DEBUG resources.BaseActi - Clicked on create customer button
22:17:27.078 [main] DEBUG resources.BaseActi - Clicked on add new button to create new task
22:17:27.167 [main] DEBUG resources.BaseActi - Clicked on create new task
22:17:28.169 [main] DEBUG resources.BaseActi - Entered Task name
22:17:34.265 [main] DEBUG resources.BaseActi - Clicked on create customer button
22:17:34.839 [main] DEBUG resources.BaseActi - Clicked on add new button again
22:17:35.025 [main] DEBUG resources.BaseActi - clicked on new project
22:17:36.274 [main] DEBUG resources.BaseActi - Entered project name
22:17:36.529 [main] DEBUG resources.BaseActi - Clicked on create customer button
22:17:37.841 [main] DEBUG resources.BaseActi - Clicked on add new button to create new task
22:17:37.897 [main] DEBUG resources.BaseActi - Clicked on create new task
22:17:38.829 [main] DEBUG resources.BaseActi - Entered Task name
22:17:40.031 [main] DEBUG resources.BaseActi - Clicked on add new button 
22:17:40.397 [main] DEBUG resources.BaseActi - Entered new task 
22:17:40.971 [main] DEBUG resources.BaseActi - Clicked on add new button after entering new task
22:18:26.751 [main] DEBUG resources.BaseActi - 'Automate amazon website2024-06-16 22:17:33' is the new task added
22:18:27.009 [main] DEBUG resources.BaseActi - Web Application closed
22:18:27.009 [main] DEBUG resources.BaseActi - ----------------------------------------------------
22:20:45.451 [main] DEBUG resources.BaseActi - ----------------------------------------------------
22:20:45.456 [main] DEBUG resources.BaseActi - Browser initialized
22:20:51.086 [main] DEBUG resources.BaseActi - Web Applicaton  launched
22:21:01.721 [main] DEBUG resources.BaseActi - Clicked on create customer button
22:21:02.314 [main] DEBUG resources.BaseActi - Clicked on add new button again
22:21:02.465 [main] DEBUG resources.BaseActi - clicked on new project
22:21:03.802 [main] DEBUG resources.BaseActi - Entered project name
22:21:04.047 [main] DEBUG resources.BaseActi - Clicked on create customer button
22:21:04.606 [main] DEBUG resources.BaseActi - Clicked on add new button to create new task
22:21:04.682 [main] DEBUG resources.BaseActi - Clicked on create new task
22:21:05.743 [main] DEBUG resources.BaseActi - Entered Task name
22:21:11.551 [main] DEBUG resources.BaseActi - Web Application closed
22:21:11.551 [main] DEBUG resources.BaseActi - ----------------------------------------------------
22:21:21.232 [main] DEBUG resources.BaseActi - ----------------------------------------------------
22:21:21.235 [main] DEBUG resources.BaseActi - Browser initialized
22:21:27.599 [main] DEBUG resources.BaseActi - Web Applicaton  launched
22:21:38.062 [main] DEBUG resources.BaseActi - Clicked on create customer button
22:21:38.561 [main] DEBUG resources.BaseActi - Clicked on add new button again
22:21:38.667 [main] DEBUG resources.BaseActi - clicked on new project
22:21:40.041 [main] DEBUG resources.BaseActi - Entered project name
22:21:40.357 [main] DEBUG resources.BaseActi - Clicked on create customer button
22:21:40.891 [main] DEBUG resources.BaseActi - Clicked on add new button to create new task
22:21:40.987 [main] DEBUG resources.BaseActi - Clicked on create new task
22:21:41.953 [main] DEBUG resources.BaseActi - Entered Task name
22:21:48.191 [main] DEBUG resources.BaseActi - Web Application closed
22:21:48.191 [main] DEBUG resources.BaseActi - ----------------------------------------------------
22:21:58.748 [main] DEBUG resources.BaseActi - ----------------------------------------------------
22:21:58.754 [main] DEBUG resources.BaseActi - Browser initialized
22:22:03.922 [main] DEBUG resources.BaseActi - Web Applicaton  launched
22:22:14.899 [main] DEBUG resources.BaseActi - Clicked on create customer button
22:22:15.388 [main] DEBUG resources.BaseActi - Clicked on add new button again
22:22:15.597 [main] DEBUG resources.BaseActi - clicked on new project
22:22:16.846 [main] DEBUG resources.BaseActi - Entered project name
22:22:17.091 [main] DEBUG resources.BaseActi - Clicked on create customer button
22:22:17.607 [main] DEBUG resources.BaseActi - Clicked on add new button to create new task
22:22:17.702 [main] DEBUG resources.BaseActi - Clicked on create new task
22:22:18.752 [main] DEBUG resources.BaseActi - Entered Task name
22:22:44.306 [main] DEBUG resources.BaseActi - Clicked on create customer button
22:22:45.163 [main] DEBUG resources.BaseActi - Shiva2024-06-16 22:22:43 is present in the customer list
22:23:03.438 [main] DEBUG resources.BaseActi - Clicked on create customer button
22:23:03.920 [main] DEBUG resources.BaseActi - Clicked on view customer edit icon
22:23:06.627 [main] DEBUG resources.BaseActi - Clicked on old customer name lable to edit
22:23:06.819 [main] DEBUG resources.BaseActi - Edited customer name
22:23:07.624 [main] DEBUG resources.BaseActi - lenova;2024-06-16 22:23:02 is present in the customer list after edit
22:23:24.678 [main] DEBUG resources.BaseActi - Total number of tasks are verified
22:23:28.794 [main] DEBUG resources.BaseActi - Clicked on create customer button
22:23:29.876 [main] DEBUG resources.BaseActi - Newly created customer name is verified
22:23:33.817 [main] DEBUG resources.BaseActi - Clicked on create customer button
22:23:34.337 [main] DEBUG resources.BaseActi - Clicked on view customer edit icon
22:23:37.012 [main] DEBUG resources.BaseActi - Clicked on old customer name lable to edit
22:23:37.232 [main] DEBUG resources.BaseActi - Edited customer name
22:23:38.167 [main] DEBUG resources.BaseActi -  customer name : lenova;2024-06-16 22:23:32 is deleted
22:23:39.010 [main] DEBUG resources.BaseActi - lenova;2024-06-16 22:23:32 is deleted
22:23:42.470 [main] DEBUG resources.BaseActi - Clicked on create customer button
22:23:43.455 [main] DEBUG resources.BaseActi - Clicked on add new button again
22:23:43.524 [main] DEBUG resources.BaseActi - clicked on new project
22:23:44.805 [main] DEBUG resources.BaseActi - Entered project name
22:23:45.037 [main] DEBUG resources.BaseActi - Clicked on create customer button
22:23:45.227 [main] DEBUG resources.BaseActi - Searched customer name
22:23:47.605 [main] DEBUG resources.BaseActi - Clicked on create customer button
22:23:48.075 [main] DEBUG resources.BaseActi - Clicked on add new button again
22:23:48.178 [main] DEBUG resources.BaseActi - clicked on new project
22:23:49.478 [main] DEBUG resources.BaseActi - Entered project name
22:23:49.702 [main] DEBUG resources.BaseActi - Clicked on create customer button
22:23:50.883 [main] DEBUG resources.BaseActi - Clicked on add new button to create new task
22:23:50.999 [main] DEBUG resources.BaseActi - Clicked on create new task
22:23:51.836 [main] DEBUG resources.BaseActi - Entered Task name
22:23:57.677 [main] DEBUG resources.BaseActi - Clicked on create customer button
22:23:58.152 [main] DEBUG resources.BaseActi - Clicked on add new button again
22:23:58.398 [main] DEBUG resources.BaseActi - clicked on new project
22:23:59.710 [main] DEBUG resources.BaseActi - Entered project name
22:23:59.929 [main] DEBUG resources.BaseActi - Clicked on create customer button
22:24:01.315 [main] DEBUG resources.BaseActi - Clicked on add new button to create new task
22:24:01.351 [main] DEBUG resources.BaseActi - Clicked on create new task
22:24:02.301 [main] DEBUG resources.BaseActi - Entered Task name
22:24:03.507 [main] DEBUG resources.BaseActi - Clicked on add new button 
22:24:03.832 [main] DEBUG resources.BaseActi - Entered new task 
22:24:04.414 [main] DEBUG resources.BaseActi - Clicked on add new button after entering new task
22:24:06.927 [main] DEBUG resources.BaseActi - 'Automate amazon website2024-06-16 22:23:56' is the new task added
22:24:07.195 [main] DEBUG resources.BaseActi - Web Application closed
22:24:07.195 [main] DEBUG resources.BaseActi - ----------------------------------------------------
22:24:56.524 [main] DEBUG resources.BaseActi - ----------------------------------------------------
22:24:56.529 [main] DEBUG resources.BaseActi - Browser initialized
22:25:01.387 [main] DEBUG resources.BaseActi - Web Applicaton  launched
22:25:11.881 [main] DEBUG resources.BaseActi - Clicked on create customer button
22:25:12.443 [main] DEBUG resources.BaseActi - Clicked on add new button again
22:25:12.610 [main] DEBUG resources.BaseActi - clicked on new project
22:25:13.873 [main] DEBUG resources.BaseActi - Entered project name
22:25:14.118 [main] DEBUG resources.BaseActi - Clicked on create customer button
22:25:14.699 [main] DEBUG resources.BaseActi - Clicked on add new button to create new task
22:25:14.794 [main] DEBUG resources.BaseActi - Clicked on create new task
22:25:15.503 [main] DEBUG resources.BaseActi - Entered Task name
22:25:24.785 [main] DEBUG resources.BaseActi - Clicked on create customer button
22:25:25.655 [main] DEBUG resources.BaseActi - Shiva2024-06-16 22:25:23 is present in the customer list
22:25:45.263 [main] DEBUG resources.BaseActi - Clicked on create customer button
22:25:45.716 [main] DEBUG resources.BaseActi - Clicked on view customer edit icon
22:25:48.452 [main] DEBUG resources.BaseActi - Clicked on old customer name lable to edit
