16:58:06.887 [main] DEBUG resources.BaseActi - Browser initialized
16:58:26.442 [main] DEBUG resources.BaseActi - Web Applicaton  launched
16:58:36.867 [main] DEBUG resources.BaseActi - Clicked on create customer button
16:59:00.507 [main] DEBUG resources.BaseActi - Web Application closed
16:59:00.507 [main] DEBUG resources.BaseActi - ----------------------------------------------------
17:00:16.087 [main] DEBUG resources.BaseActi - ----------------------------------------------------
17:00:16.090 [main] DEBUG resources.BaseActi - Browser initialized
17:00:31.214 [main] DEBUG resources.BaseActi - Web Applicaton  launched
17:00:41.088 [main] DEBUG resources.BaseActi - Clicked on create customer button
17:01:14.444 [main] DEBUG resources.BaseActi - Web Application closed
17:01:14.444 [main] DEBUG resources.BaseActi - ----------------------------------------------------
17:05:07.147 [main] DEBUG resources.BaseActi - ----------------------------------------------------
17:05:07.152 [main] DEBUG resources.BaseActi - Browser initialized
17:05:17.525 [main] DEBUG resources.BaseActi - Web Applicaton  launched
17:05:27.091 [main] DEBUG resources.BaseActi - Clicked on create customer button
17:05:49.096 [main] DEBUG resources.BaseActi - Web Application closed
17:05:49.096 [main] DEBUG resources.BaseActi - ----------------------------------------------------
17:06:53.064 [main] DEBUG resources.BaseActi - ----------------------------------------------------
17:06:53.068 [main] DEBUG resources.BaseActi - Browser initialized
17:07:07.578 [main] DEBUG resources.BaseActi - Web Applicaton  launched
17:07:17.398 [main] DEBUG resources.BaseActi - Clicked on create customer button
17:07:28.847 [main] DEBUG resources.BaseActi - Web Application closed
17:07:28.847 [main] DEBUG resources.BaseActi - ----------------------------------------------------
17:08:56.669 [main] DEBUG resources.BaseActi - ----------------------------------------------------
17:08:56.672 [main] DEBUG resources.BaseActi - Browser initialized
17:08:57.742 [main] DEBUG resources.BaseActi - Web Applicaton  launched
17:09:19.639 [main] DEBUG resources.BaseActi - Clicked on create customer button
17:09:30.923 [main] DEBUG resources.BaseActi - Web Application closed
17:09:30.923 [main] DEBUG resources.BaseActi - ----------------------------------------------------
17:11:04.834 [main] DEBUG resources.BaseActi - ----------------------------------------------------
17:11:04.841 [main] DEBUG resources.BaseActi - Browser initialized
17:11:23.829 [main] DEBUG resources.BaseActi - Web Applicaton  launched
17:11:38.312 [main] DEBUG resources.BaseActi - Clicked on create customer button
17:12:11.156 [main] DEBUG resources.BaseActi - Web Application closed
17:12:11.156 [main] DEBUG resources.BaseActi - ----------------------------------------------------
18:00:15.093 [main] DEBUG resources.BaseActi - ----------------------------------------------------
18:00:15.097 [main] DEBUG resources.BaseActi - Browser initialized
18:00:24.887 [main] DEBUG resources.BaseActi - Web Applicaton  launched
18:00:32.606 [main] DEBUG resources.BaseActi - Clicked on create customer button
18:00:46.189 [main] DEBUG resources.BaseActi - Web Application closed
18:00:46.189 [main] DEBUG resources.BaseActi - ----------------------------------------------------
18:01:03.485 [main] DEBUG resources.BaseActi - ----------------------------------------------------
18:01:03.489 [main] DEBUG resources.BaseActi - Browser initialized
18:01:18.776 [main] DEBUG resources.BaseActi - Web Applicaton  launched
18:01:26.660 [main] DEBUG resources.BaseActi - Clicked on create customer button
18:01:47.429 [main] DEBUG resources.BaseActi - Web Application closed
18:01:47.429 [main] DEBUG resources.BaseActi - ----------------------------------------------------
18:02:48.177 [main] DEBUG resources.BaseActi - ----------------------------------------------------
18:02:48.179 [main] DEBUG resources.BaseActi - Browser initialized
18:02:55.717 [main] DEBUG resources.BaseActi - Web Applicaton  launched
18:03:03.333 [main] DEBUG resources.BaseActi - Clicked on create customer button
18:03:33.018 [main] DEBUG resources.BaseActi - Web Application closed
18:03:33.018 [main] DEBUG resources.BaseActi - ----------------------------------------------------
18:05:18.132 [main] DEBUG resources.BaseActi - ----------------------------------------------------
18:05:18.135 [main] DEBUG resources.BaseActi - Browser initialized
18:05:24.812 [main] DEBUG resources.BaseActi - Web Applicaton  launched
18:05:31.672 [main] DEBUG resources.BaseActi - Clicked on create customer button
18:06:06.599 [main] DEBUG resources.BaseActi - Web Application closed
18:06:06.600 [main] DEBUG resources.BaseActi - ----------------------------------------------------
18:06:16.818 [main] DEBUG resources.BaseActi - ----------------------------------------------------
18:06:16.820 [main] DEBUG resources.BaseActi - Browser initialized
18:06:32.802 [main] DEBUG resources.BaseActi - Web Applicaton  launched
18:06:41.212 [main] DEBUG resources.BaseActi - Clicked on create customer button
18:07:16.318 [main] DEBUG resources.BaseActi - Web Application closed
18:07:16.319 [main] DEBUG resources.BaseActi - ----------------------------------------------------
18:07:57.806 [main] DEBUG resources.BaseActi - ----------------------------------------------------
18:07:57.809 [main] DEBUG resources.BaseActi - Browser initialized
18:08:04.365 [main] DEBUG resources.BaseActi - Web Applicaton  launched
18:08:10.839 [main] DEBUG resources.BaseActi - Clicked on create customer button
18:08:15.593 [main] DEBUG resources.BaseActi - Web Application closed
18:08:15.593 [main] DEBUG resources.BaseActi - ----------------------------------------------------
18:11:20.800 [main] DEBUG resources.BaseActi - ----------------------------------------------------
18:11:20.803 [main] DEBUG resources.BaseActi - Browser initialized
18:11:32.973 [main] DEBUG resources.BaseActi - Web Applicaton  launched
18:11:40.789 [main] DEBUG resources.BaseActi - Clicked on create customer button
18:12:05.103 [main] DEBUG resources.BaseActi - Web Application closed
18:12:05.103 [main] DEBUG resources.BaseActi - ----------------------------------------------------
18:19:02.387 [main] DEBUG resources.BaseActi - ----------------------------------------------------
18:19:02.389 [main] DEBUG resources.BaseActi - Browser initialized
18:19:10.263 [main] DEBUG resources.BaseActi - Web Applicaton  launched
18:19:17.115 [main] DEBUG resources.BaseActi - Clicked on create customer button
18:19:21.396 [main] DEBUG resources.BaseActi - Web Application closed
18:19:21.396 [main] DEBUG resources.BaseActi - ----------------------------------------------------
18:20:09.073 [main] DEBUG resources.BaseActi - ----------------------------------------------------
18:20:09.075 [main] DEBUG resources.BaseActi - Browser initialized
18:20:20.936 [main] DEBUG resources.BaseActi - Web Applicaton  launched
18:20:28.456 [main] DEBUG resources.BaseActi - Clicked on create customer button
18:20:33.360 [main] DEBUG resources.BaseActi - Web Application closed
18:20:33.360 [main] DEBUG resources.BaseActi - ----------------------------------------------------
18:20:39.459 [main] DEBUG resources.BaseActi - ----------------------------------------------------
18:20:39.461 [main] DEBUG resources.BaseActi - Browser initialized
18:20:46.231 [main] DEBUG resources.BaseActi - Web Applicaton  launched
18:20:53.134 [main] DEBUG resources.BaseActi - Clicked on create customer button
18:20:57.693 [main] DEBUG resources.BaseActi - Web Application closed
18:20:57.693 [main] DEBUG resources.BaseActi - ----------------------------------------------------
18:21:11.147 [main] DEBUG resources.BaseActi - ----------------------------------------------------
18:21:11.149 [main] DEBUG resources.BaseActi - Browser initialized
18:21:19.262 [main] DEBUG resources.BaseActi - Web Applicaton  launched
18:21:49.407 [main] DEBUG resources.BaseActi - Total number of tasks are verified
18:22:17.832 [main] DEBUG resources.BaseActi - Clicked on create customer button
18:22:21.663 [main] DEBUG resources.BaseActi - Clicked on create customer button
18:22:22.896 [main] DEBUG resources.BaseActi - Clicked on add new button again
18:22:23.079 [main] DEBUG resources.BaseActi - clicked on new project
18:22:24.431 [main] DEBUG resources.BaseActi - Entered project name
18:22:24.791 [main] DEBUG resources.BaseActi - Clicked on create customer button
18:22:25.175 [main] DEBUG resources.BaseActi - Searched customer name
18:22:28.535 [main] DEBUG resources.BaseActi - Clicked on create customer button
18:22:28.976 [main] DEBUG resources.BaseActi - Clicked on add new button again
18:22:29.141 [main] DEBUG resources.BaseActi - clicked on new project
18:22:30.506 [main] DEBUG resources.BaseActi - Entered project name
18:22:30.822 [main] DEBUG resources.BaseActi - Clicked on create customer button
18:22:32.606 [main] DEBUG resources.BaseActi - Clicked on add new button to create new task
18:22:32.689 [main] DEBUG resources.BaseActi - Clicked on create new task
18:22:33.621 [main] DEBUG resources.BaseActi - Entered Task name
18:22:39.576 [main] DEBUG resources.BaseActi - Clicked on create customer button
18:22:40.024 [main] DEBUG resources.BaseActi - Clicked on add new button again
18:22:40.202 [main] DEBUG resources.BaseActi - clicked on new project
18:22:41.552 [main] DEBUG resources.BaseActi - Entered project name
18:22:41.869 [main] DEBUG resources.BaseActi - Clicked on create customer button
18:22:43.551 [main] DEBUG resources.BaseActi - Clicked on add new button to create new task
18:22:43.668 [main] DEBUG resources.BaseActi - Clicked on create new task
18:22:44.591 [main] DEBUG resources.BaseActi - Entered Task name
18:22:45.612 [main] DEBUG resources.BaseActi - Clicked on add new button 
