19:00:37.985 [main] DEBUG resources.BaseActi - Browser initialized
19:00:48.498 [main] DEBUG resources.BaseActi - Web Applicaton  launched
19:00:56.695 [main] DEBUG test.CommonTest - Clicked on create customer button
19:00:57.192 [main] DEBUG test.CommonTest - Clicked on add new button again
19:00:57.325 [main] DEBUG test.CommonTest - clicked on new project
19:00:57.938 [main] DEBUG test.CommonTest - Entered project name
19:00:58.377 [main] DEBUG test.CommonTest - Clicked on create customer button
19:00:59.938 [main] DEBUG test.CommonTest - Web Application closed
19:00:59.938 [main] DEBUG test.CommonTest - ----------------------------------------------------
19:01:13.697 [main] DEBUG resources.BaseActi - ----------------------------------------------------
19:01:13.702 [main] DEBUG resources.BaseActi - Browser initialized
19:01:23.707 [main] DEBUG resources.BaseActi - Web Applicaton  launched
19:01:32.018 [main] DEBUG test.CommonTest - Clicked on create customer button
19:01:32.542 [main] DEBUG test.CommonTest - Clicked on add new button again
19:01:32.688 [main] DEBUG test.CommonTest - clicked on new project
19:01:33.298 [main] DEBUG test.CommonTest - Entered project name
19:01:33.621 [main] DEBUG test.CommonTest - Clicked on create customer button
19:01:34.060 [main] DEBUG test.CommonTest - Clicked on add new button to create new task
19:01:34.174 [main] DEBUG test.CommonTest - Clicked on create new task
19:01:34.758 [main] DEBUG test.CommonTest - Entered Task name
19:01:34.977 [main] DEBUG test.CommonTest - Clicked on create task
19:01:35.288 [main] DEBUG test.CommonTest - Searched customer name
19:01:35.362 [main] DEBUG test.CommonTest - Found the customer name that is : Shiva2024-05-13 19:01:23
19:01:35.984 [main] DEBUG test.CommonTest - Clicked on customer view customer projects
19:01:36.067 [main] DEBUG test.CommonTest - Found the project that is : Actitime automation project2024-05-13 19:01:23
19:01:36.067 [main] DEBUG test.CommonTest - Assertion of project name
19:01:37.316 [main] DEBUG test.CommonTest - Automate actitime website2024-05-13 19:01:23task is added
19:01:37.391 [main] DEBUG test.CommonTest - Clicked on add new button 
19:01:37.516 [main] DEBUG test.CommonTest - Entered new task 
19:01:38.328 [main] DEBUG test.CommonTest - Clicked on add new button after entering new task
19:01:39.669 [main] DEBUG test.CommonTest - Web Application closed
19:01:39.669 [main] DEBUG test.CommonTest - ----------------------------------------------------
19:04:05.489 [main] DEBUG resources.BaseActi - ----------------------------------------------------
19:04:05.496 [main] DEBUG resources.BaseActi - Browser initialized
19:04:13.765 [main] DEBUG resources.BaseActi - Web Applicaton  launched
19:04:21.869 [main] DEBUG test.CommonTest - Clicked on create customer button
19:04:22.329 [main] DEBUG test.CommonTest - Clicked on add new button again
19:04:22.547 [main] DEBUG test.CommonTest - clicked on new project
19:04:22.985 [main] DEBUG test.CommonTest - Entered project name
19:04:23.463 [main] DEBUG test.CommonTest - Clicked on create customer button
19:04:24.303 [main] DEBUG test.CommonTest - Clicked on add new button to create new task
19:04:24.496 [main] DEBUG test.CommonTest - Clicked on create new task
19:04:27.416 [main] DEBUG test.CommonTest - Entered Task name
19:04:27.684 [main] DEBUG test.CommonTest - Clicked on create task
19:04:27.934 [main] DEBUG test.CommonTest - Searched customer name
19:04:28.126 [main] DEBUG test.CommonTest - Found the customer name that is : Shiva2024-05-13 19:04:13
19:04:29.952 [main] DEBUG test.CommonTest - Web Application closed
19:04:29.952 [main] DEBUG test.CommonTest - ----------------------------------------------------
19:05:50.612 [main] DEBUG resources.BaseActi - ----------------------------------------------------
19:05:50.619 [main] DEBUG resources.BaseActi - Browser initialized
19:05:59.383 [main] DEBUG resources.BaseActi - Web Applicaton  launched
19:06:07.370 [main] DEBUG test.CommonTest - Clicked on create customer button
19:06:07.882 [main] DEBUG test.CommonTest - Clicked on add new button again
19:06:08.098 [main] DEBUG test.CommonTest - clicked on new project
19:06:08.593 [main] DEBUG test.CommonTest - Entered project name
19:06:09.166 [main] DEBUG test.CommonTest - Clicked on create customer button
19:06:09.590 [main] DEBUG test.CommonTest - Clicked on add new button to create new task
19:06:09.675 [main] DEBUG test.CommonTest - Clicked on create new task
19:06:10.171 [main] DEBUG test.CommonTest - Entered Task name
19:06:10.357 [main] DEBUG test.CommonTest - Clicked on create task
19:06:10.542 [main] DEBUG test.CommonTest - Searched customer name
19:06:10.613 [main] DEBUG test.CommonTest - Found the customer name that is : Shiva2024-05-13 19:05:59
19:06:11.350 [main] DEBUG test.CommonTest - Clicked on customer view customer projects
19:06:11.487 [main] DEBUG test.CommonTest - Found the project that is : Actitime automation project2024-05-13 19:05:59
19:06:11.487 [main] DEBUG test.CommonTest - Assertion of project name
19:06:12.830 [main] DEBUG test.CommonTest - Automate actitime website2024-05-13 19:05:59task is added
19:06:12.906 [main] DEBUG test.CommonTest - Clicked on add new button 
19:06:13.054 [main] DEBUG test.CommonTest - Entered new task 
19:06:13.856 [main] DEBUG test.CommonTest - Clicked on add new button after entering new task
19:06:15.242 [main] DEBUG test.CommonTest - Web Application closed
19:06:15.242 [main] DEBUG test.CommonTest - ----------------------------------------------------
19:07:19.629 [main] DEBUG resources.BaseActi - ----------------------------------------------------
19:07:19.638 [main] DEBUG resources.BaseActi - Browser initialized
19:07:24.723 [main] DEBUG resources.BaseActi - Web Applicaton  launched
19:07:34.312 [main] DEBUG test.CommonTest - Clicked on create customer button
19:07:34.776 [main] DEBUG test.CommonTest - Clicked on add new button again
19:07:34.894 [main] DEBUG test.CommonTest - clicked on new project
19:07:35.435 [main] DEBUG test.CommonTest - Entered project name
19:07:35.833 [main] DEBUG test.CommonTest - Clicked on create customer button
19:07:36.259 [main] DEBUG test.CommonTest - Clicked on add new button to create new task
19:07:36.316 [main] DEBUG test.CommonTest - Clicked on create new task
19:07:36.854 [main] DEBUG test.CommonTest - Entered Task name
19:07:37.027 [main] DEBUG test.CommonTest - Clicked on create task
19:07:37.200 [main] DEBUG test.CommonTest - Searched customer name
19:07:37.261 [main] DEBUG test.CommonTest - Found the customer name that is : Shiva2024-05-13 19:07:24
19:07:37.943 [main] DEBUG test.CommonTest - Clicked on customer view customer projects
19:07:38.069 [main] DEBUG test.CommonTest - Found the project that is : Actitime automation project2024-05-13 19:07:24
19:07:38.070 [main] DEBUG test.CommonTest - Assertion of project name
19:07:39.817 [main] DEBUG test.CommonTest - Automate actitime website2024-05-13 19:07:24task is added
19:07:39.880 [main] DEBUG test.CommonTest - Clicked on add new button 
19:07:40.026 [main] DEBUG test.CommonTest - Entered new task 
19:09:28.140 [main] DEBUG test.CommonTest - Clicked on add new button after entering new task
19:10:31.053 [main] DEBUG test.CommonTest - Automate amazon website2024-05-13 19:07:24 : is a new task added
19:10:48.131 [main] DEBUG test.CommonTest - Web Application closed
19:10:48.136 [main] DEBUG test.CommonTest - ----------------------------------------------------
19:11:43.548 [main] DEBUG resources.BaseActi - ----------------------------------------------------
19:11:43.554 [main] DEBUG resources.BaseActi - Browser initialized
19:11:51.685 [main] DEBUG resources.BaseActi - Web Applicaton  launched
19:12:00.022 [main] DEBUG test.CommonTest - Clicked on create customer button
19:12:00.492 [main] DEBUG test.CommonTest - Clicked on add new button again
19:12:00.595 [main] DEBUG test.CommonTest - clicked on new project
19:12:01.112 [main] DEBUG test.CommonTest - Entered project name
19:12:01.500 [main] DEBUG test.CommonTest - Clicked on create customer button
19:12:01.941 [main] DEBUG test.CommonTest - Clicked on add new button to create new task
19:12:02.046 [main] DEBUG test.CommonTest - Clicked on create new task
19:12:02.541 [main] DEBUG test.CommonTest - Entered Task name
19:12:02.663 [main] DEBUG test.CommonTest - Clicked on create task
19:12:02.864 [main] DEBUG test.CommonTest - Searched customer name
19:12:02.977 [main] DEBUG test.CommonTest - Found the customer name that is : Shiva2024-05-13 19:11:51
19:12:03.822 [main] DEBUG test.CommonTest - Clicked on customer view customer projects
19:12:03.949 [main] DEBUG test.CommonTest - Found the project that is : Actitime automation project2024-05-13 19:11:51
19:12:03.949 [main] DEBUG test.CommonTest - Assertion of project name
19:12:05.215 [main] DEBUG test.CommonTest - Automate actitime website2024-05-13 19:11:51task is added
19:12:05.303 [main] DEBUG test.CommonTest - Clicked on add new button 
19:12:05.455 [main] DEBUG test.CommonTest - Entered new task 
19:12:06.186 [main] DEBUG test.CommonTest - Clicked on add new button after entering new task
19:12:07.551 [main] DEBUG test.CommonTest - Web Application closed
19:12:07.551 [main] DEBUG test.CommonTest - ----------------------------------------------------
19:29:33.472 [main] DEBUG resources.BaseActi - ----------------------------------------------------
19:29:33.480 [main] DEBUG resources.BaseActi - Browser initialized
19:29:41.793 [main] DEBUG resources.BaseActi - Web Applicaton  launched
19:29:50.478 [main] DEBUG test.CommonTest - Clicked on create customer button
19:29:50.935 [main] DEBUG test.CommonTest - Clicked on add new button again
19:29:51.131 [main] DEBUG test.CommonTest - clicked on new project
19:29:51.605 [main] DEBUG test.CommonTest - Entered project name
19:29:52.006 [main] DEBUG test.CommonTest - Clicked on create customer button
