17:51:45.981 [main] DEBUG resources.BaseActi - ----------------------------------------------------
17:51:45.991 [main] DEBUG resources.BaseActi - Browser initialized
17:52:00.133 [main] DEBUG resources.BaseActi - Web Applicaton  launched
17:52:13.047 [main] DEBUG test.CommonTest - Clicked on create customer button
17:52:13.609 [main] DEBUG test.CommonTest - Clicked on add new button again
17:52:14.015 [main] DEBUG test.CommonTest - clicked on new project
17:52:17.401 [main] DEBUG test.CommonTest - Entered project name
17:52:17.738 [main] DEBUG test.CommonTest - Clicked on create customer button
17:52:19.533 [main] DEBUG test.CommonTest - Clicked on add new button to create new task
17:52:19.597 [main] DEBUG test.CommonTest - Clicked on create new task
17:52:20.305 [main] DEBUG test.CommonTest - Entered Task name
17:52:21.946 [main] DEBUG test.CommonTest - Web Application closed
17:52:21.946 [main] DEBUG test.CommonTest - ----------------------------------------------------
17:54:24.589 [main] DEBUG resources.BaseActi - ----------------------------------------------------
17:54:24.592 [main] DEBUG resources.BaseActi - Browser initialized
17:54:37.155 [main] DEBUG resources.BaseActi - Web Applicaton  launched
17:54:48.734 [main] DEBUG test.CommonTest - Clicked on create customer button
17:54:49.179 [main] DEBUG test.CommonTest - Clicked on add new button again
17:54:49.291 [main] DEBUG test.CommonTest - clicked on new project
17:54:52.609 [main] DEBUG test.CommonTest - Entered project name
17:54:52.916 [main] DEBUG test.CommonTest - Clicked on create customer button
17:54:54.328 [main] DEBUG test.CommonTest - Clicked on add new button to create new task
17:54:54.389 [main] DEBUG test.CommonTest - Clicked on create new task
17:54:55.190 [main] DEBUG test.CommonTest - Entered Task name
17:54:56.369 [main] DEBUG test.CommonTest - Clicked on add new button 
17:54:56.748 [main] DEBUG test.CommonTest - Entered new task 
17:54:57.269 [main] DEBUG test.CommonTest - Clicked on add new button after entering new task
17:54:59.358 [main] DEBUG test.CommonTest - 'Automate amazon website2024-06-03 17:54:55' is the new task added
17:54:59.586 [main] DEBUG test.CommonTest - Web Application closed
17:54:59.586 [main] DEBUG test.CommonTest - ----------------------------------------------------
17:56:39.986 [main] DEBUG resources.BaseActi - ----------------------------------------------------
17:56:39.991 [main] DEBUG resources.BaseActi - Browser initialized
17:56:41.216 [main] DEBUG resources.BaseActi - Web Applicaton  launched
17:56:58.993 [main] DEBUG test.CommonTest - User succesfully logged in
17:57:05.034 [main] DEBUG test.CommonTest - Clicked on create customer button
17:57:06.241 [main] DEBUG test.CommonTest - Newly created customer name is verified
17:57:08.501 [main] DEBUG test.CommonTest - Clicked on create customer button
17:57:09.809 [main] DEBUG test.CommonTest - Clicked on add new button again
17:57:09.962 [main] DEBUG test.CommonTest - clicked on new project
17:57:13.262 [main] DEBUG test.CommonTest - Entered project name
17:57:13.598 [main] DEBUG test.CommonTest - Clicked on create customer button
17:57:13.924 [main] DEBUG test.CommonTest - Searched customer name
17:57:16.782 [main] DEBUG test.CommonTest - Clicked on create customer button
17:57:17.261 [main] DEBUG test.CommonTest - Clicked on add new button again
17:57:17.392 [main] DEBUG test.CommonTest - clicked on new project
17:57:20.773 [main] DEBUG test.CommonTest - Entered project name
17:57:21.093 [main] DEBUG test.CommonTest - Clicked on create customer button
17:57:22.543 [main] DEBUG test.CommonTest - Clicked on add new button to create new task
17:57:22.598 [main] DEBUG test.CommonTest - Clicked on create new task
17:57:23.396 [main] DEBUG test.CommonTest - Entered Task name
17:57:35.970 [main] DEBUG test.CommonTest - Clicked on create customer button
17:57:36.459 [main] DEBUG test.CommonTest - Clicked on add new button again
17:57:36.561 [main] DEBUG test.CommonTest - clicked on new project
17:57:39.829 [main] DEBUG test.CommonTest - Entered project name
17:57:40.081 [main] DEBUG test.CommonTest - Clicked on create customer button
17:57:41.397 [main] DEBUG test.CommonTest - Clicked on add new button to create new task
17:57:41.446 [main] DEBUG test.CommonTest - Clicked on create new task
17:57:42.044 [main] DEBUG test.CommonTest - Entered Task name
17:57:43.264 [main] DEBUG test.CommonTest - Clicked on add new button 
17:57:43.653 [main] DEBUG test.CommonTest - Entered new task 
17:57:44.162 [main] DEBUG test.CommonTest - Clicked on add new button after entering new task
17:58:05.939 [main] DEBUG test.CommonTest - Web Application closed
17:58:05.939 [main] DEBUG test.CommonTest - ----------------------------------------------------
18:01:50.215 [main] DEBUG resources.BaseActi - ----------------------------------------------------
18:01:50.218 [main] DEBUG resources.BaseActi - Browser initialized
18:02:28.223 [main] DEBUG resources.BaseActi - Web Applicaton  launched
18:02:39.589 [main] DEBUG test.CommonTest - User succesfully logged in
18:02:46.032 [main] DEBUG test.CommonTest - Clicked on create customer button
18:02:46.861 [main] DEBUG test.CommonTest - Newly created customer name is verified
18:02:49.172 [main] DEBUG test.CommonTest - Clicked on create customer button
18:02:50.305 [main] DEBUG test.CommonTest - Clicked on add new button again
18:02:50.381 [main] DEBUG test.CommonTest - clicked on new project
18:02:53.688 [main] DEBUG test.CommonTest - Entered project name
18:02:53.968 [main] DEBUG test.CommonTest - Clicked on create customer button
18:02:54.138 [main] DEBUG test.CommonTest - Searched customer name
18:02:56.751 [main] DEBUG test.CommonTest - Clicked on create customer button
18:02:57.215 [main] DEBUG test.CommonTest - Clicked on add new button again
18:02:57.430 [main] DEBUG test.CommonTest - clicked on new project
18:03:00.680 [main] DEBUG test.CommonTest - Entered project name
18:03:00.968 [main] DEBUG test.CommonTest - Clicked on create customer button
18:03:02.401 [main] DEBUG test.CommonTest - Clicked on add new button to create new task
18:03:02.480 [main] DEBUG test.CommonTest - Clicked on create new task
18:03:03.143 [main] DEBUG test.CommonTest - Entered Task name
18:03:16.010 [main] DEBUG test.CommonTest - Clicked on create customer button
18:03:16.512 [main] DEBUG test.CommonTest - Clicked on add new button again
18:03:16.657 [main] DEBUG test.CommonTest - clicked on new project
18:03:19.913 [main] DEBUG test.CommonTest - Entered project name
18:03:20.133 [main] DEBUG test.CommonTest - Clicked on create customer button
18:03:21.571 [main] DEBUG test.CommonTest - Clicked on add new button to create new task
18:03:21.650 [main] DEBUG test.CommonTest - Clicked on create new task
18:03:22.334 [main] DEBUG test.CommonTest - Entered Task name
18:03:23.662 [main] DEBUG test.CommonTest - Clicked on add new button 
18:03:24.026 [main] DEBUG test.CommonTest - Entered new task 
18:03:24.612 [main] DEBUG test.CommonTest - Clicked on add new button after entering new task
18:03:46.501 [main] DEBUG test.CommonTest - Web Application closed
18:03:46.501 [main] DEBUG test.CommonTest - ----------------------------------------------------
18:04:43.679 [main] DEBUG resources.BaseActi - ----------------------------------------------------
18:04:43.685 [main] DEBUG resources.BaseActi - Browser initialized
18:04:54.637 [main] DEBUG resources.BaseActi - Web Applicaton  launched
18:04:54.852 [main] DEBUG resources.BaseActi - Web Application closed
18:04:54.852 [main] DEBUG resources.BaseActi - ----------------------------------------------------
18:05:18.306 [main] DEBUG resources.BaseActi - ----------------------------------------------------
18:05:18.309 [main] DEBUG resources.BaseActi - Browser initialized
18:05:29.599 [main] DEBUG resources.BaseActi - Web Applicaton  launched
18:05:42.503 [main] DEBUG test.CommonTest - Clicked on create customer button
18:05:43.149 [main] DEBUG test.CommonTest - Clicked on add new button again
18:05:43.320 [main] DEBUG test.CommonTest - clicked on new project
18:05:46.581 [main] DEBUG test.CommonTest - Entered project name
18:05:46.901 [main] DEBUG test.CommonTest - Clicked on create customer button
18:05:48.424 [main] DEBUG test.CommonTest - Clicked on add new button to create new task
18:05:48.481 [main] DEBUG test.CommonTest - Clicked on create new task
18:05:49.029 [main] DEBUG test.CommonTest - Entered Task name
18:05:50.255 [main] DEBUG test.CommonTest - Clicked on add new button 
18:05:50.611 [main] DEBUG test.CommonTest - Entered new task 
18:05:51.171 [main] DEBUG test.CommonTest - Clicked on add new button after entering new task
18:06:13.089 [main] DEBUG test.CommonTest - Web Application closed
18:06:13.089 [main] DEBUG test.CommonTest - ----------------------------------------------------
18:08:36.668 [main] DEBUG resources.BaseActi - ----------------------------------------------------
18:08:36.672 [main] DEBUG resources.BaseActi - Browser initialized
18:08:48.953 [main] DEBUG resources.BaseActi - Web Applicaton  launched
18:09:01.409 [main] DEBUG test.CommonTest - Clicked on create customer button
18:09:02.062 [main] DEBUG test.CommonTest - Clicked on add new button again
18:09:02.382 [main] DEBUG test.CommonTest - clicked on new project
18:09:05.644 [main] DEBUG test.CommonTest - Entered project name
18:09:06.059 [main] DEBUG test.CommonTest - Clicked on create customer button
18:09:08.043 [main] DEBUG test.CommonTest - Clicked on add new button to create new task
18:09:08.205 [main] DEBUG test.CommonTest - Clicked on create new task
18:09:09.155 [main] DEBUG test.CommonTest - Entered Task name
18:09:10.478 [main] DEBUG test.CommonTest - Clicked on add new button 
18:09:10.976 [main] DEBUG test.CommonTest - Entered new task 
18:09:11.313 [main] DEBUG test.CommonTest - Clicked on add new button after entering new task
